Wed Aug 13 13:30:26 EDT 2014	Command execution Exit Code: 0
Wed Aug 13 13:30:26 EDT 2014	User: sy12586 has CMD queried server hostname: fxpbps7
Wed Aug 13 13:30:26 EDT 2014	* Access GRANTED to sy12586 for server hostname: fxpbps7 in Flow: PBTG
Wed Aug 13 13:30:27 EDT 2014	Command execution Exit Code: 0
Wed Aug 13 13:30:27 EDT 2014	User: sy12586 has CMD queried server hostname: fxpbps7
Wed Aug 13 13:30:27 EDT 2014	* Access GRANTED to sy12586 for server hostname: fxpbps7 in Flow: TRM FIX Inbound
Wed Aug 13 13:30:28 EDT 2014	Command execution Exit Code: 0
Wed Aug 13 13:30:28 EDT 2014	User: sy12586 has CMD queried server hostname: fxpbps7
Wed Aug 13 13:30:28 EDT 2014	* Access GRANTED to sy12586 for server hostname: fxpbps7 in Flow: TRM Status Event
Wed Aug 13 13:30:30 EDT 2014	Command execution Exit Code: 0
Wed Aug 13 13:30:30 EDT 2014	Command execution Exit Code: 0
Wed Aug 13 13:30:30 EDT 2014	User: sy12586 has SCRIPT queried server hostname: fxpbps1u
Wed Aug 13 13:30:30 EDT 2014	* Access GRANTED to sy12586 for server hostname: fxpbps1u in Flow: Testing Script File
Wed Aug 13 13:30:32 EDT 2014	Command execution Exit Code: 0
Wed Aug 13 13:30:32 EDT 2014	* Error executing command: ./tmp/shellscript1.sh on server hostname: fxpbps1u - ' unexpected
Wed Aug 13 13:30:32 EDT 2014	User: sy12586 has SCRIPT queried server hostname: fxpbps1u
Wed Aug 13 13:30:32 EDT 2014	* Access GRANTED to sy12586 for server hostname: fxpbps1u in Flow: Test Script File 2
Wed Aug 13 13:40:27 EDT 2014	Command execution Exit Code: 0
Wed Aug 13 13:40:27 EDT 2014	User: sy12586 has CMD queried server hostname: fxpbps7
Wed Aug 13 13:40:27 EDT 2014	* Access GRANTED to sy12586 for server hostname: fxpbps7 in Flow: PBTG
Wed Aug 13 13:40:27 EDT 2014	Command execution Exit Code: 0
Wed Aug 13 13:40:27 EDT 2014	User: sy12586 has CMD queried server hostname: fxpbps7
Wed Aug 13 13:40:27 EDT 2014	* Access GRANTED to sy12586 for server hostname: fxpbps7 in Flow: TRM FIX Inbound
Wed Aug 13 13:40:28 EDT 2014	Command execution Exit Code: 0
Wed Aug 13 13:40:28 EDT 2014	User: sy12586 has CMD queried server hostname: fxpbps7
Wed Aug 13 13:40:28 EDT 2014	* Access GRANTED to sy12586 for server hostname: fxpbps7 in Flow: TRM Status Event
Wed Aug 13 13:40:30 EDT 2014	Command execution Exit Code: 0
Wed Aug 13 13:40:31 EDT 2014	Command execution Exit Code: 0
Wed Aug 13 13:40:31 EDT 2014	User: sy12586 has SCRIPT queried server hostname: fxpbps1u
Wed Aug 13 13:40:31 EDT 2014	* Access GRANTED to sy12586 for server hostname: fxpbps1u in Flow: Testing Script File
Wed Aug 13 13:40:33 EDT 2014	Command execution Exit Code: 0
Wed Aug 13 13:40:33 EDT 2014	* Error executing command: ./tmp/shellscript1.sh on server hostname: fxpbps1u - ' unexpected
Wed Aug 13 13:40:33 EDT 2014	User: sy12586 has SCRIPT queried server hostname: fxpbps1u
Wed Aug 13 13:40:33 EDT 2014	* Access GRANTED to sy12586 for server hostname: fxpbps1u in Flow: Test Script File 2
Wed Aug 13 13:41:54 EDT 2014	Error exporting response spreadsheet
Wed Aug 13 13:47:17 EDT 2014	Command execution Exit Code: 0
Wed Aug 13 13:47:17 EDT 2014	User: sy12586 has CMD queried server hostname: fxpbps7
Wed Aug 13 13:47:17 EDT 2014	* Access GRANTED to sy12586 for server hostname: fxpbps7 in Flow: PBTG
Wed Aug 13 13:47:18 EDT 2014	Command execution Exit Code: 0
Wed Aug 13 13:47:18 EDT 2014	User: sy12586 has CMD queried server hostname: fxpbps7
Wed Aug 13 13:47:18 EDT 2014	* Access GRANTED to sy12586 for server hostname: fxpbps7 in Flow: TRM FIX Inbound
Wed Aug 13 13:47:19 EDT 2014	Command execution Exit Code: 0
Wed Aug 13 13:47:19 EDT 2014	User: sy12586 has CMD queried server hostname: fxpbps7
Wed Aug 13 13:47:19 EDT 2014	* Access GRANTED to sy12586 for server hostname: fxpbps7 in Flow: TRM Status Event
Wed Aug 13 13:47:20 EDT 2014	Command execution Exit Code: 0
Wed Aug 13 13:47:21 EDT 2014	Command execution Exit Code: 0
Wed Aug 13 13:47:21 EDT 2014	User: sy12586 has SCRIPT queried server hostname: fxpbps1u
Wed Aug 13 13:47:21 EDT 2014	* Access GRANTED to sy12586 for server hostname: fxpbps1u in Flow: Testing Script File
Wed Aug 13 13:47:23 EDT 2014	Command execution Exit Code: 0
Wed Aug 13 13:47:23 EDT 2014	* Error executing command: ./tmp/shellscript1.sh on server hostname: fxpbps1u - ' unexpected
Wed Aug 13 13:47:23 EDT 2014	User: sy12586 has SCRIPT queried server hostname: fxpbps1u
Wed Aug 13 13:47:23 EDT 2014	* Access GRANTED to sy12586 for server hostname: fxpbps1u in Flow: Test Script File 2
Wed Aug 13 13:47:31 EDT 2014	Exported raw response spreadsheet to: C:\Users\sy12586\Documents\blah.xls
Wed Aug 13 14:00:38 EDT 2014	Command execution Exit Code: 0
Wed Aug 13 14:00:38 EDT 2014	User: sy12586 has CMD queried server hostname: fxpbps7
Wed Aug 13 14:00:38 EDT 2014	* Access GRANTED to sy12586 for server hostname: fxpbps7 in Flow: PBTG
Wed Aug 13 14:00:39 EDT 2014	Command execution Exit Code: 0
Wed Aug 13 14:00:39 EDT 2014	User: sy12586 has CMD queried server hostname: fxpbps7
Wed Aug 13 14:00:39 EDT 2014	* Access GRANTED to sy12586 for server hostname: fxpbps7 in Flow: TRM FIX Inbound
Wed Aug 13 14:00:39 EDT 2014	Command execution Exit Code: 0
Wed Aug 13 14:00:39 EDT 2014	User: sy12586 has CMD queried server hostname: fxpbps7
Wed Aug 13 14:00:39 EDT 2014	* Access GRANTED to sy12586 for server hostname: fxpbps7 in Flow: TRM Status Event
Wed Aug 13 14:00:41 EDT 2014	Command execution Exit Code: 0
Wed Aug 13 14:00:42 EDT 2014	Command execution Exit Code: 0
Wed Aug 13 14:00:42 EDT 2014	Command execution Exit Code: 0
Wed Aug 13 14:00:42 EDT 2014	User: sy12586 has SCRIPT queried server hostname: fxpbps1u
Wed Aug 13 14:00:42 EDT 2014	Command execution Exit Code: 0
Wed Aug 13 14:00:43 EDT 2014	* Error executing command: ./tmp/shellscript1.sh on server hostname: fxpbps1u - ' unexpected
Wed Aug 13 14:00:43 EDT 2014	Command execution Exit Code: 0
Wed Aug 13 14:00:43 EDT 2014	User: sy12586 has SCRIPT queried server hostname: fxpbps1u
Wed Aug 13 14:00:43 EDT 2014	* Access GRANTED to sy12586 for server hostname: fxpbps1u in Flow: Testing Script File
Wed Aug 13 14:05:03 EDT 2014	Command execution Exit Code: 0
Wed Aug 13 14:05:03 EDT 2014	User: sy12586 has CMD queried server hostname: fxpbps7
Wed Aug 13 14:05:03 EDT 2014	* Access GRANTED to sy12586 for server hostname: fxpbps7 in Flow: PBTG
Wed Aug 13 14:05:04 EDT 2014	Command execution Exit Code: 0
Wed Aug 13 14:05:04 EDT 2014	User: sy12586 has CMD queried server hostname: fxpbps7
Wed Aug 13 14:05:04 EDT 2014	* Access GRANTED to sy12586 for server hostname: fxpbps7 in Flow: TRM FIX Inbound
Wed Aug 13 14:05:05 EDT 2014	Command execution Exit Code: 0
Wed Aug 13 14:05:05 EDT 2014	User: sy12586 has CMD queried server hostname: fxpbps7
Wed Aug 13 14:05:05 EDT 2014	* Access GRANTED to sy12586 for server hostname: fxpbps7 in Flow: TRM Status Event
Wed Aug 13 14:05:07 EDT 2014	Command execution Exit Code: 0
Wed Aug 13 14:05:07 EDT 2014	* Error executing command: ./tmp/shellscript1.sh on server hostname: fxpbps1u - ' unexpected
Wed Aug 13 14:05:07 EDT 2014	User: sy12586 has SCRIPT queried server hostname: fxpbps1u
Wed Aug 13 14:05:07 EDT 2014	* Access GRANTED to sy12586 for server hostname: fxpbps1u in Flow: Testing Script File
Wed Aug 13 14:12:46 EDT 2014	Command execution Exit Code: 0
Wed Aug 13 14:12:46 EDT 2014	User: sy12586 has CMD queried server hostname: fxpbps7
Wed Aug 13 14:12:46 EDT 2014	* Access GRANTED to sy12586 for server hostname: fxpbps7 in Flow: PBTG
Wed Aug 13 14:12:47 EDT 2014	Command execution Exit Code: 0
Wed Aug 13 14:12:47 EDT 2014	User: sy12586 has CMD queried server hostname: fxpbps7
Wed Aug 13 14:12:47 EDT 2014	* Access GRANTED to sy12586 for server hostname: fxpbps7 in Flow: TRM FIX Inbound
Wed Aug 13 14:12:48 EDT 2014	Command execution Exit Code: 0
Wed Aug 13 14:12:48 EDT 2014	User: sy12586 has CMD queried server hostname: fxpbps7
Wed Aug 13 14:12:48 EDT 2014	* Access GRANTED to sy12586 for server hostname: fxpbps7 in Flow: TRM Status Event
Wed Aug 13 14:12:50 EDT 2014	Command execution Exit Code: 0
Wed Aug 13 14:12:50 EDT 2014	* Error executing command: ./tmp/shellscript1.sh on server hostname: fxpbps1u - ' unexpected
Wed Aug 13 14:12:50 EDT 2014	User: sy12586 has SCRIPT queried server hostname: fxpbps1u
Wed Aug 13 14:12:50 EDT 2014	* Access GRANTED to sy12586 for server hostname: fxpbps1u in Flow: Testing Script File
Wed Aug 13 14:13:49 EDT 2014	Command execution Exit Code: 0
Wed Aug 13 14:13:49 EDT 2014	User: sy12586 has CMD queried server hostname: fxpbps7
Wed Aug 13 14:13:49 EDT 2014	* Access GRANTED to sy12586 for server hostname: fxpbps7 in Flow: PBTG
Wed Aug 13 14:13:49 EDT 2014	Command execution Exit Code: 0
Wed Aug 13 14:13:49 EDT 2014	User: sy12586 has CMD queried server hostname: fxpbps7
Wed Aug 13 14:13:49 EDT 2014	* Access GRANTED to sy12586 for server hostname: fxpbps7 in Flow: TRM FIX Inbound
Wed Aug 13 14:13:50 EDT 2014	Command execution Exit Code: 0
Wed Aug 13 14:13:50 EDT 2014	User: sy12586 has CMD queried server hostname: fxpbps7
Wed Aug 13 14:13:50 EDT 2014	* Access GRANTED to sy12586 for server hostname: fxpbps7 in Flow: TRM Status Event
Wed Aug 13 14:13:52 EDT 2014	Command execution Exit Code: 0
Wed Aug 13 14:13:52 EDT 2014	* Error executing command: ./tmp/shellscript1.sh on server hostname: fxpbps1u - ' unexpected
Wed Aug 13 14:13:52 EDT 2014	User: sy12586 has SCRIPT queried server hostname: fxpbps1u
Wed Aug 13 14:13:52 EDT 2014	* Access GRANTED to sy12586 for server hostname: fxpbps1u in Flow: Testing Script File
Wed Aug 13 14:28:34 EDT 2014	Command execution Exit Code: 0
Wed Aug 13 14:28:34 EDT 2014	User: sy12586 has CMD queried server hostname: fxpbps7
Wed Aug 13 14:28:34 EDT 2014	* Access GRANTED to sy12586 for server hostname: fxpbps7 in Flow: PBTG
Wed Aug 13 14:28:35 EDT 2014	Command execution Exit Code: 0
Wed Aug 13 14:28:35 EDT 2014	User: sy12586 has CMD queried server hostname: fxpbps7
Wed Aug 13 14:28:35 EDT 2014	* Access GRANTED to sy12586 for server hostname: fxpbps7 in Flow: TRM FIX Inbound
Wed Aug 13 14:28:36 EDT 2014	Command execution Exit Code: 0
Wed Aug 13 14:28:36 EDT 2014	User: sy12586 has CMD queried server hostname: fxpbps7
Wed Aug 13 14:28:36 EDT 2014	* Access GRANTED to sy12586 for server hostname: fxpbps7 in Flow: TRM Status Event
Wed Aug 13 14:28:38 EDT 2014	Command execution Exit Code: 0
Wed Aug 13 14:28:38 EDT 2014	Command execution Exit Code: 0
Wed Aug 13 14:28:38 EDT 2014	Command execution Exit Code: 0
Wed Aug 13 14:28:38 EDT 2014	Command execution Exit Code: 0
Wed Aug 13 14:28:38 EDT 2014	User: sy12586 has SCRIPT queried server hostname: fxpbps1u
Wed Aug 13 14:28:38 EDT 2014	* Access GRANTED to sy12586 for server hostname: fxpbps1u in Flow: Testing Script File
Wed Aug 13 14:32:10 EDT 2014	Command execution Exit Code: 0
Wed Aug 13 14:32:10 EDT 2014	User: sy12586 has CMD queried server hostname: fxpbps7
Wed Aug 13 14:32:10 EDT 2014	* Access GRANTED to sy12586 for server hostname: fxpbps7 in Flow: PBTG
Wed Aug 13 14:32:10 EDT 2014	Command execution Exit Code: 0
Wed Aug 13 14:32:10 EDT 2014	User: sy12586 has CMD queried server hostname: fxpbps7
Wed Aug 13 14:32:10 EDT 2014	* Access GRANTED to sy12586 for server hostname: fxpbps7 in Flow: TRM FIX Inbound
Wed Aug 13 14:32:11 EDT 2014	Command execution Exit Code: 0
Wed Aug 13 14:32:11 EDT 2014	User: sy12586 has CMD queried server hostname: fxpbps7
Wed Aug 13 14:32:11 EDT 2014	* Access GRANTED to sy12586 for server hostname: fxpbps7 in Flow: TRM Status Event
Wed Aug 13 14:32:14 EDT 2014	Command execution Exit Code: 0
Wed Aug 13 14:32:14 EDT 2014	Command execution Exit Code: 0
Wed Aug 13 14:32:14 EDT 2014	Command execution Exit Code: 0
Wed Aug 13 14:32:14 EDT 2014	Command execution Exit Code: 0
Wed Aug 13 14:32:14 EDT 2014	Command execution Exit Code: 0
Wed Aug 13 14:32:14 EDT 2014	Command execution Exit Code: 0
Wed Aug 13 14:32:14 EDT 2014	User: sy12586 has SCRIPT queried server hostname: fxpbps1u
Wed Aug 13 14:32:14 EDT 2014	* Access GRANTED to sy12586 for server hostname: fxpbps1u in Flow: Testing Script File
